<?xml version="1.0" encoding="UTF-8"?>
<testng-results ignored="0" total="2" passed="1" failed="1" skipped="0">
  <reporter-output>
    <line>
      <![CDATA[<a href= 'C:\Users\drpat\eclipse-workspace\ListnersDemo\target\surefire-reports\failure_screenshots\screenshot_20220127171348.png' > < img src='C:\Users\drpat\eclipse-workspace\ListnersDemo\target\surefire-reports\failure_screenshots\screenshot_20220127171348.png'height='100' width='100'/> </a>]]>
    </line>
    <line>
      <![CDATA[Iphone 13 search completed successfully]]>
    </line>
  </reporter-output>
  <suite started-at="2022-01-27T17:13:30 CST" name="BCDE" finished-at="2022-01-27T17:13:51 CST" duration-ms="20599">
    <groups>
    </groups>
    <test started-at="2022-01-27T17:13:30 CST" name="Smoke" finished-at="2022-01-27T17:13:51 CST" duration-ms="20599">
      <class name="com.magnus.day30.DriverExample">
        <test-method is-config="true" signature="setup()[pri:0, instance:com.magnus.day30.DriverExample@6404f418]" started-at="2022-01-27T17:13:30 CST" name="setup" finished-at="2022-01-27T17:13:37 CST" duration-ms="6464" status="PASS">
          <reporter-output>
          </reporter-output>
        </test-method> <!-- setup -->
        <test-method signature="performGoogleSearch()[pri:0, instance:com.magnus.day30.DriverExample@6404f418]" started-at="2022-01-27T17:13:37 CST" name="performGoogleSearch" finished-at="2022-01-27T17:13:48 CST" duration-ms="10919" status="FAIL">
          <exception class="org.openqa.selenium.NoSuchElementException">
            <message>
              <![CDATA[no such element: Unable to locate element: {"method":"xpath","selector":"//input[@name='abcd']"}
  (Session info: chrome=97.0.4692.99)
For documentation on this error, please visit: https://selenium.dev/exceptions/#no_such_element
Build info: version: '4.1.1', revision: 'e8fcc2cecf'
System info: host: 'DESKTOP-C6SHPOP', ip: '192.168.1.196', os.name: 'Windows 10', os.arch: 'amd64', os.version: '10.0', java.version: '17.0.1'
Driver info: org.openqa.selenium.chrome.ChromeDriver
Command: [c0a7ad9004885db9892f41325af6d2d7, findElement {using=xpath, value=//input[@name='abcd']}]
Capabilities {acceptInsecureCerts: false, browserName: chrome, browserVersion: 97.0.4692.99, chrome: {chromedriverVersion: 97.0.4692.71 (adefa7837d02a..., userDataDir: C:\Users\drpat\AppData\Loca...}, goog:chromeOptions: {debuggerAddress: localhost:50038}, javascriptEnabled: true, networkConnectionEnabled: false, pageLoadStrategy: normal, platform: WINDOWS, platformName: WINDOWS, proxy: Proxy(), se:cdp: ws://localhost:50038/devtoo..., se:cdpVersion: 97.0.4692.99, setWindowRect: true, strictFileInteractability: false, timeouts: {implicit: 0, pageLoad: 300000, script: 30000}, unhandledPromptBehavior: dismiss and notify, webauthn:extension:credBlob: true, webauthn:extension:largeBlob: true, webauthn:virtualAuthenticators: true}
Session ID: c0a7ad9004885db9892f41325af6d2d7]]>
            </message>
            <full-stacktrace>
              <![CDATA[org.openqa.selenium.NoSuchElementException: no such element: Unable to locate element: {"method":"xpath","selector":"//input[@name='abcd']"}
  (Session info: chrome=97.0.4692.99)
For documentation on this error, please visit: https://selenium.dev/exceptions/#no_such_element
Build info: version: '4.1.1', revision: 'e8fcc2cecf'
System info: host: 'DESKTOP-C6SHPOP', ip: '192.168.1.196', os.name: 'Windows 10', os.arch: 'amd64', os.version: '10.0', java.version: '17.0.1'
Driver info: org.openqa.selenium.chrome.ChromeDriver
Command: [c0a7ad9004885db9892f41325af6d2d7, findElement {using=xpath, value=//input[@name='abcd']}]
Capabilities {acceptInsecureCerts: false, browserName: chrome, browserVersion: 97.0.4692.99, chrome: {chromedriverVersion: 97.0.4692.71 (adefa7837d02a..., userDataDir: C:\Users\drpat\AppData\Loca...}, goog:chromeOptions: {debuggerAddress: localhost:50038}, javascriptEnabled: true, networkConnectionEnabled: false, pageLoadStrategy: normal, platform: WINDOWS, platformName: WINDOWS, proxy: Proxy(), se:cdp: ws://localhost:50038/devtoo..., se:cdpVersion: 97.0.4692.99, setWindowRect: true, strictFileInteractability: false, timeouts: {implicit: 0, pageLoad: 300000, script: 30000}, unhandledPromptBehavior: dismiss and notify, webauthn:extension:credBlob: true, webauthn:extension:largeBlob: true, webauthn:virtualAuthenticators: true}
Session ID: c0a7ad9004885db9892f41325af6d2d7
at java.base/jdk.internal.reflect.NativeConstructorAccessorImpl.newInstance0(Native Method)
at java.base/jdk.internal.reflect.NativeConstructorAccessorImpl.newInstance(NativeConstructorAccessorImpl.java:77)
at java.base/jdk.internal.reflect.DelegatingConstructorAccessorImpl.newInstance(DelegatingConstructorAccessorImpl.java:45)
at java.base/java.lang.reflect.Constructor.newInstanceWithCaller(Constructor.java:499)
at java.base/java.lang.reflect.Constructor.newInstance(Constructor.java:480)
at org.openqa.selenium.remote.codec.w3c.W3CHttpResponseCodec.createException(W3CHttpResponseCodec.java:200)
at org.openqa.selenium.remote.codec.w3c.W3CHttpResponseCodec.decode(W3CHttpResponseCodec.java:133)
at org.openqa.selenium.remote.codec.w3c.W3CHttpResponseCodec.decode(W3CHttpResponseCodec.java:53)
at org.openqa.selenium.remote.HttpCommandExecutor.execute(HttpCommandExecutor.java:184)
at org.openqa.selenium.remote.service.DriverCommandExecutor.invokeExecute(DriverCommandExecutor.java:167)
at org.openqa.selenium.remote.service.DriverCommandExecutor.execute(DriverCommandExecutor.java:142)
at org.openqa.selenium.remote.RemoteWebDriver.execute(RemoteWebDriver.java:543)
at org.openqa.selenium.remote.ElementLocation$ElementFinder$2.findElement(ElementLocation.java:162)
at org.openqa.selenium.remote.ElementLocation.findElement(ElementLocation.java:60)
at org.openqa.selenium.remote.RemoteWebDriver.findElement(RemoteWebDriver.java:367)
at org.openqa.selenium.remote.RemoteWebDriver.findElement(RemoteWebDriver.java:359)
at com.magnus.day30.DriverExample.performGoogleSearch(DriverExample.java:28)
at java.base/jdk.internal.reflect.NativeMethodAccessorImpl.invoke0(Native Method)
at java.base/jdk.internal.reflect.NativeMethodAccessorImpl.invoke(NativeMethodAccessorImpl.java:77)
at java.base/jdk.internal.reflect.DelegatingMethodAccessorImpl.invoke(DelegatingMethodAccessorImpl.java:43)
at java.base/java.lang.reflect.Method.invoke(Method.java:568)
at org.testng.internal.MethodInvocationHelper.invokeMethod(MethodInvocationHelper.java:133)
at org.testng.internal.TestInvoker.invokeMethod(TestInvoker.java:598)
at org.testng.internal.TestInvoker.invokeTestMethod(TestInvoker.java:173)
at org.testng.internal.MethodRunner.runInSequence(MethodRunner.java:46)
at org.testng.internal.TestInvoker$MethodInvocationAgent.invoke(TestInvoker.java:824)
at org.testng.internal.TestInvoker.invokeTestMethods(TestInvoker.java:146)
at org.testng.internal.TestMethodWorker.invokeTestMethods(TestMethodWorker.java:146)
at org.testng.internal.TestMethodWorker.run(TestMethodWorker.java:128)
at java.base/java.util.ArrayList.forEach(ArrayList.java:1511)
at org.testng.TestRunner.privateRun(TestRunner.java:794)
at org.testng.TestRunner.run(TestRunner.java:596)
at org.testng.SuiteRunner.runTest(SuiteRunner.java:377)
at org.testng.SuiteRunner.runSequentially(SuiteRunner.java:371)
at org.testng.SuiteRunner.privateRun(SuiteRunner.java:332)
at org.testng.SuiteRunner.run(SuiteRunner.java:276)
at org.testng.SuiteRunnerWorker.runSuite(SuiteRunnerWorker.java:53)
at org.testng.SuiteRunnerWorker.run(SuiteRunnerWorker.java:96)
at org.testng.TestNG.runSuitesSequentially(TestNG.java:1212)
at org.testng.TestNG.runSuitesLocally(TestNG.java:1134)
at org.testng.TestNG.runSuites(TestNG.java:1063)
at org.testng.TestNG.run(TestNG.java:1031)
at org.testng.remote.AbstractRemoteTestNG.run(AbstractRemoteTestNG.java:115)
at org.testng.remote.RemoteTestNG.initAndRun(RemoteTestNG.java:251)
at org.testng.remote.RemoteTestNG.main(RemoteTestNG.java:77)
]]>
            </full-stacktrace>
          </exception> <!-- org.openqa.selenium.NoSuchElementException -->
          <reporter-output>
            <line>
              <![CDATA[<a href= 'C:\Users\drpat\eclipse-workspace\ListnersDemo\target\surefire-reports\failure_screenshots\screenshot_20220127171348.png' > < img src='C:\Users\drpat\eclipse-workspace\ListnersDemo\target\surefire-reports\failure_screenshots\screenshot_20220127171348.png'height='100' width='100'/> </a>]]>
            </line>
          </reporter-output>
        </test-method> <!-- performGoogleSearch -->
        <test-method signature="performWikiSearch()[pri:0, instance:com.magnus.day30.DriverExample@6404f418]" started-at="2022-01-27T17:13:48 CST" name="performWikiSearch" finished-at="2022-01-27T17:13:50 CST" duration-ms="2661" status="PASS">
          <reporter-output>
            <line>
              <![CDATA[Iphone 13 search completed successfully]]>
            </line>
          </reporter-output>
        </test-method> <!-- performWikiSearch -->
        <test-method is-config="true" signature="dismiss()[pri:0, instance:com.magnus.day30.DriverExample@6404f418]" started-at="2022-01-27T17:13:50 CST" name="dismiss" finished-at="2022-01-27T17:13:51 CST" duration-ms="312" status="PASS">
          <reporter-output>
          </reporter-output>
        </test-method> <!-- dismiss -->
      </class> <!-- com.magnus.day30.DriverExample -->
    </test> <!-- Smoke -->
  </suite> <!-- BCDE -->
</testng-results>
